2022-12-27 14:13:18.263  INFO 32660 --- [restartedMain] c.java.iclear.IclearOutwardApplication   : Starting IclearOutwardApplication using Java 17.0.4.1 on LAPTOP-9GT9QVO0 with PID 32660 (C:\Users\patha\Documents\workspace-spring-tool-suite-4-4.16.1.RELEASE\iclearOutward\target\classes started by patha in C:\Users\patha\Documents\workspace-spring-tool-suite-4-4.16.1.RELEASE\iclearOutward)
2022-12-27 14:13:18.264  INFO 32660 --- [restartedMain] c.java.iclear.IclearOutwardApplication   : No active profile set, falling back to 1 default profile: "default"
2022-12-27 14:13:18.420  INFO 32660 --- [restartedMain] .s.d.r.c.RepositoryConfigurationDelegate : Bootstrapping Spring Data JPA repositories in DEFAULT mode.
2022-12-27 14:13:18.435  INFO 32660 --- [restartedMain] .s.d.r.c.RepositoryConfigurationDelegate : Finished Spring Data repository scanning in 14 ms. Found 1 JPA repository interfaces.
2022-12-27 14:13:18.522  INFO 32660 --- [restartedMain] o.s.b.w.embedded.tomcat.TomcatWebServer  : Tomcat initialized with port(s): 8080 (http)
2022-12-27 14:13:18.523  INFO 32660 --- [restartedMain] o.apache.catalina.core.StandardService   : Starting service [Tomcat]
2022-12-27 14:13:18.523  INFO 32660 --- [restartedMain] org.apache.catalina.core.StandardEngine  : Starting Servlet engine: [Apache Tomcat/9.0.68]
2022-12-27 14:13:18.540  INFO 32660 --- [restartedMain] o.a.c.c.C.[Tomcat].[localhost].[/]       : Initializing Spring embedded WebApplicationContext
2022-12-27 14:13:18.541  INFO 32660 --- [restartedMain] w.s.c.ServletWebServerApplicationContext : Root WebApplicationContext: initialization completed in 275 ms
2022-12-27 14:13:18.546  INFO 32660 --- [restartedMain] com.zaxxer.hikari.HikariDataSource       : HikariPool-7 - Starting...
2022-12-27 14:13:18.547  WARN 32660 --- [restartedMain] com.zaxxer.hikari.util.DriverDataSource  : Registered driver with driverClassName=com.mysql.jdbc.Driver was not found, trying direct instantiation.
2022-12-27 14:13:18.564  INFO 32660 --- [restartedMain] com.zaxxer.hikari.HikariDataSource       : HikariPool-7 - Start completed.
2022-12-27 14:13:18.565  INFO 32660 --- [restartedMain] o.s.b.a.h2.H2ConsoleAutoConfiguration    : H2 console available at '/h2-console'. Database available at 'jdbc:mysql://localhost:3306/db'
2022-12-27 14:13:18.601  INFO 32660 --- [restartedMain] o.hibernate.jpa.internal.util.LogHelper  : HHH000204: Processing PersistenceUnitInfo [name: default]
2022-12-27 14:13:18.606  INFO 32660 --- [restartedMain] org.hibernate.dialect.Dialect            : HHH000400: Using dialect: org.hibernate.dialect.MySQL5InnoDBDialect
2022-12-27 14:13:18.634  INFO 32660 --- [restartedMain] org.hibernate.tuple.PojoInstantiator     : HHH000182: No default (no-argument) constructor for class: com.java.iclear.entity.ChequeStub (class must be instantiated by Interceptor)
2022-12-27 14:13:18.654  INFO 32660 --- [restartedMain] o.h.e.t.j.p.i.JtaPlatformInitiator       : HHH000490: Using JtaPlatform implementation: [org.hibernate.engine.transaction.jta.platform.internal.NoJtaPlatform]
2022-12-27 14:13:18.654  INFO 32660 --- [restartedMain] j.LocalContainerEntityManagerFactoryBean : Initialized JPA EntityManagerFactory for persistence unit 'default'
2022-12-27 14:13:18.723  WARN 32660 --- [restartedMain] JpaBaseConfiguration$JpaWebConfiguration : spring.jpa.open-in-view is enabled by default. Therefore, database queries may be performed during view rendering. Explicitly configure spring.jpa.open-in-view to disable this warning
2022-12-27 14:13:18.809  INFO 32660 --- [restartedMain] o.s.s.web.DefaultSecurityFilterChain     : Will secure any request with [org.springframework.security.web.session.DisableEncodeUrlFilter@19efda06, org.springframework.security.web.context.request.async.WebAsyncManagerIntegrationFilter@69437a01, org.springframework.security.web.context.SecurityContextPersistenceFilter@2a7be027, org.springframework.security.web.header.HeaderWriterFilter@64bf3df6, org.springframework.security.web.csrf.CsrfFilter@1f9f1e2c, org.springframework.security.web.authentication.logout.LogoutFilter@75f4bb0b, org.springframework.security.web.authentication.UsernamePasswordAuthenticationFilter@4be6353c, org.springframework.security.web.authentication.ui.DefaultLoginPageGeneratingFilter@3c93ae38, org.springframework.security.web.authentication.ui.DefaultLogoutPageGeneratingFilter@1376edc0, org.springframework.security.web.authentication.www.BasicAuthenticationFilter@5fc4c26e, org.springframework.security.web.savedrequest.RequestCacheAwareFilter@7b38ed80, org.springframework.security.web.servletapi.SecurityContextHolderAwareRequestFilter@66752f9c, org.springframework.security.web.authentication.AnonymousAuthenticationFilter@6ad88a72, org.springframework.security.web.session.SessionManagementFilter@4df2f9cb, org.springframework.security.web.access.ExceptionTranslationFilter@79c51ae2, org.springframework.security.web.access.intercept.FilterSecurityInterceptor@626247d5]
2022-12-27 14:13:18.818  INFO 32660 --- [restartedMain] o.s.b.d.a.OptionalLiveReloadServer       : LiveReload server is running on port 35729
2022-12-27 14:13:18.829  INFO 32660 --- [restartedMain] o.s.b.w.embedded.tomcat.TomcatWebServer  : Tomcat started on port(s): 8080 (http) with context path ''
2022-12-27 14:13:18.834  INFO 32660 --- [restartedMain] c.java.iclear.IclearOutwardApplication   : Started IclearOutwardApplication in 0.633 seconds (JVM running for 490.24)
2022-12-27 14:13:18.836  INFO 32660 --- [restartedMain] .ConditionEvaluationDeltaLoggingListener : Condition evaluation unchanged
2022-12-27 14:13:23.344  INFO 32660 --- [File Watcher] rtingClassPathChangeChangedEventListener : Restarting due to 1 class path change (0 additions, 0 deletions, 1 modification)
2022-12-27 14:13:23.358  INFO 32660 --- [Thread-27] o.apache.catalina.core.StandardService   : Stopping service [Tomcat]
2022-12-27 14:13:23.362  INFO 32660 --- [Thread-27] j.LocalContainerEntityManagerFactoryBean : Closing JPA EntityManagerFactory for persistence unit 'default'
2022-12-27 14:13:23.362  INFO 32660 --- [Thread-27] com.zaxxer.hikari.HikariDataSource       : HikariPool-7 - Shutdown initiated...
2022-12-27 14:13:23.371  INFO 32660 --- [Thread-27] com.zaxxer.hikari.HikariDataSource       : HikariPool-7 - Shutdown completed.
2022-12-27 14:13:23.434  INFO 32660 --- [restartedMain] c.java.iclear.IclearOutwardApplication   : Starting IclearOutwardApplication using Java 17.0.4.1 on LAPTOP-9GT9QVO0 with PID 32660 (C:\Users\patha\Documents\workspace-spring-tool-suite-4-4.16.1.RELEASE\iclearOutward\target\classes started by patha in C:\Users\patha\Documents\workspace-spring-tool-suite-4-4.16.1.RELEASE\iclearOutward)
2022-12-27 14:13:23.436  INFO 32660 --- [restartedMain] c.java.iclear.IclearOutwardApplication   : No active profile set, falling back to 1 default profile: "default"
2022-12-27 14:13:23.587  INFO 32660 --- [restartedMain] .s.d.r.c.RepositoryConfigurationDelegate : Bootstrapping Spring Data JPA repositories in DEFAULT mode.
2022-12-27 14:13:23.601  INFO 32660 --- [restartedMain] .s.d.r.c.RepositoryConfigurationDelegate : Finished Spring Data repository scanning in 12 ms. Found 1 JPA repository interfaces.
2022-12-27 14:13:23.670  INFO 32660 --- [restartedMain] o.s.b.w.embedded.tomcat.TomcatWebServer  : Tomcat initialized with port(s): 8080 (http)
2022-12-27 14:13:23.670  INFO 32660 --- [restartedMain] o.apache.catalina.core.StandardService   : Starting service [Tomcat]
2022-12-27 14:13:23.670  INFO 32660 --- [restartedMain] org.apache.catalina.core.StandardEngine  : Starting Servlet engine: [Apache Tomcat/9.0.68]
2022-12-27 14:13:23.692  INFO 32660 --- [restartedMain] o.a.c.c.C.[Tomcat].[localhost].[/]       : Initializing Spring embedded WebApplicationContext
2022-12-27 14:13:23.692  INFO 32660 --- [restartedMain] w.s.c.ServletWebServerApplicationContext : Root WebApplicationContext: initialization completed in 255 ms
2022-12-27 14:13:23.703  INFO 32660 --- [restartedMain] com.zaxxer.hikari.HikariDataSource       : HikariPool-8 - Starting...
2022-12-27 14:13:23.703  WARN 32660 --- [restartedMain] com.zaxxer.hikari.util.DriverDataSource  : Registered driver with driverClassName=com.mysql.jdbc.Driver was not found, trying direct instantiation.
2022-12-27 14:13:23.717  INFO 32660 --- [restartedMain] com.zaxxer.hikari.HikariDataSource       : HikariPool-8 - Start completed.
2022-12-27 14:13:23.717  INFO 32660 --- [restartedMain] o.s.b.a.h2.H2ConsoleAutoConfiguration    : H2 console available at '/h2-console'. Database available at 'jdbc:mysql://localhost:3306/db'
2022-12-27 14:13:23.742  INFO 32660 --- [restartedMain] o.hibernate.jpa.internal.util.LogHelper  : HHH000204: Processing PersistenceUnitInfo [name: default]
2022-12-27 14:13:23.746  INFO 32660 --- [restartedMain] org.hibernate.dialect.Dialect            : HHH000400: Using dialect: org.hibernate.dialect.MySQL5InnoDBDialect
2022-12-27 14:13:23.773  INFO 32660 --- [restartedMain] org.hibernate.tuple.PojoInstantiator     : HHH000182: No default (no-argument) constructor for class: com.java.iclear.entity.ChequeStub (class must be instantiated by Interceptor)
2022-12-27 14:13:23.804  INFO 32660 --- [restartedMain] o.h.e.t.j.p.i.JtaPlatformInitiator       : HHH000490: Using JtaPlatform implementation: [org.hibernate.engine.transaction.jta.platform.internal.NoJtaPlatform]
2022-12-27 14:13:23.804  INFO 32660 --- [restartedMain] j.LocalContainerEntityManagerFactoryBean : Initialized JPA EntityManagerFactory for persistence unit 'default'
2022-12-27 14:13:23.930  WARN 32660 --- [restartedMain] JpaBaseConfiguration$JpaWebConfiguration : spring.jpa.open-in-view is enabled by default. Therefore, database queries may be performed during view rendering. Explicitly configure spring.jpa.open-in-view to disable this warning
2022-12-27 14:13:24.027  INFO 32660 --- [restartedMain] o.s.s.web.DefaultSecurityFilterChain     : Will secure any request with [org.springframework.security.web.session.DisableEncodeUrlFilter@19a45e67, org.springframework.security.web.context.request.async.WebAsyncManagerIntegrationFilter@8b9a390, org.springframework.security.web.context.SecurityContextPersistenceFilter@515283c3, org.springframework.security.web.header.HeaderWriterFilter@b623696, org.springframework.security.web.csrf.CsrfFilter@7ad3f8f3, org.springframework.security.web.authentication.logout.LogoutFilter@64bbb278, org.springframework.security.web.authentication.UsernamePasswordAuthenticationFilter@1a523b08, org.springframework.security.web.authentication.ui.DefaultLoginPageGeneratingFilter@71f8aa47, org.springframework.security.web.authentication.ui.DefaultLogoutPageGeneratingFilter@3b843f4, org.springframework.security.web.authentication.www.BasicAuthenticationFilter@3b0ceb7c, org.springframework.security.web.savedrequest.RequestCacheAwareFilter@4032051b, org.springframework.security.web.servletapi.SecurityContextHolderAwareRequestFilter@5afe4d0d, org.springframework.security.web.authentication.AnonymousAuthenticationFilter@5fb31ff4, org.springframework.security.web.session.SessionManagementFilter@34a3f1c4, org.springframework.security.web.access.ExceptionTranslationFilter@59d9151f, org.springframework.security.web.access.intercept.FilterSecurityInterceptor@7e5dea21]
2022-12-27 14:13:24.034  INFO 32660 --- [restartedMain] o.s.b.d.a.OptionalLiveReloadServer       : LiveReload server is running on port 35729
2022-12-27 14:13:24.042  INFO 32660 --- [restartedMain] o.s.b.w.embedded.tomcat.TomcatWebServer  : Tomcat started on port(s): 8080 (http) with context path ''
2022-12-27 14:13:24.044  INFO 32660 --- [restartedMain] c.java.iclear.IclearOutwardApplication   : Started IclearOutwardApplication in 0.633 seconds (JVM running for 495.451)
2022-12-27 14:13:24.046  INFO 32660 --- [restartedMain] .ConditionEvaluationDeltaLoggingListener : Condition evaluation unchanged
2022-12-27 14:13:46.982  INFO 32660 --- [File Watcher] rtingClassPathChangeChangedEventListener : Restarting due to 1 class path change (0 additions, 0 deletions, 1 modification)
2022-12-27 14:13:46.993  INFO 32660 --- [Thread-33] o.apache.catalina.core.StandardService   : Stopping service [Tomcat]
2022-12-27 14:13:46.998  INFO 32660 --- [Thread-33] j.LocalContainerEntityManagerFactoryBean : Closing JPA EntityManagerFactory for persistence unit 'default'
2022-12-27 14:13:46.998  INFO 32660 --- [Thread-33] com.zaxxer.hikari.HikariDataSource       : HikariPool-8 - Shutdown initiated...
2022-12-27 14:13:47.003  INFO 32660 --- [Thread-33] com.zaxxer.hikari.HikariDataSource       : HikariPool-8 - Shutdown completed.
