2022-12-27 14:13:47.060  INFO 32660 --- [restartedMain] c.java.iclear.IclearOutwardApplication   : Starting IclearOutwardApplication using Java 17.0.4.1 on LAPTOP-9GT9QVO0 with PID 32660 (C:\Users\patha\Documents\workspace-spring-tool-suite-4-4.16.1.RELEASE\iclearOutward\target\classes started by patha in C:\Users\patha\Documents\workspace-spring-tool-suite-4-4.16.1.RELEASE\iclearOutward)
2022-12-27 14:13:47.061  INFO 32660 --- [restartedMain] c.java.iclear.IclearOutwardApplication   : No active profile set, falling back to 1 default profile: "default"
2022-12-27 14:13:47.203  INFO 32660 --- [restartedMain] .s.d.r.c.RepositoryConfigurationDelegate : Bootstrapping Spring Data JPA repositories in DEFAULT mode.
2022-12-27 14:13:47.214  INFO 32660 --- [restartedMain] .s.d.r.c.RepositoryConfigurationDelegate : Finished Spring Data repository scanning in 10 ms. Found 1 JPA repository interfaces.
2022-12-27 14:13:47.271  INFO 32660 --- [restartedMain] o.s.b.w.embedded.tomcat.TomcatWebServer  : Tomcat initialized with port(s): 8080 (http)
2022-12-27 14:13:47.271  INFO 32660 --- [restartedMain] o.apache.catalina.core.StandardService   : Starting service [Tomcat]
2022-12-27 14:13:47.272  INFO 32660 --- [restartedMain] org.apache.catalina.core.StandardEngine  : Starting Servlet engine: [Apache Tomcat/9.0.68]
2022-12-27 14:13:47.289  INFO 32660 --- [restartedMain] o.a.c.c.C.[Tomcat].[localhost].[/]       : Initializing Spring embedded WebApplicationContext
2022-12-27 14:13:47.289  INFO 32660 --- [restartedMain] w.s.c.ServletWebServerApplicationContext : Root WebApplicationContext: initialization completed in 225 ms
2022-12-27 14:13:47.300  INFO 32660 --- [restartedMain] com.zaxxer.hikari.HikariDataSource       : HikariPool-9 - Starting...
2022-12-27 14:13:47.301  WARN 32660 --- [restartedMain] com.zaxxer.hikari.util.DriverDataSource  : Registered driver with driverClassName=com.mysql.jdbc.Driver was not found, trying direct instantiation.
2022-12-27 14:13:47.314  INFO 32660 --- [restartedMain] com.zaxxer.hikari.HikariDataSource       : HikariPool-9 - Start completed.
2022-12-27 14:13:47.314  INFO 32660 --- [restartedMain] o.s.b.a.h2.H2ConsoleAutoConfiguration    : H2 console available at '/h2-console'. Database available at 'jdbc:mysql://localhost:3306/db'
2022-12-27 14:13:47.335  INFO 32660 --- [restartedMain] o.hibernate.jpa.internal.util.LogHelper  : HHH000204: Processing PersistenceUnitInfo [name: default]
2022-12-27 14:13:47.338  INFO 32660 --- [restartedMain] org.hibernate.dialect.Dialect            : HHH000400: Using dialect: org.hibernate.dialect.MySQL5InnoDBDialect
2022-12-27 14:13:47.356  INFO 32660 --- [restartedMain] org.hibernate.tuple.PojoInstantiator     : HHH000182: No default (no-argument) constructor for class: com.java.iclear.entity.ChequeStub (class must be instantiated by Interceptor)
2022-12-27 14:13:47.369  INFO 32660 --- [restartedMain] o.h.e.t.j.p.i.JtaPlatformInitiator       : HHH000490: Using JtaPlatform implementation: [org.hibernate.engine.transaction.jta.platform.internal.NoJtaPlatform]
2022-12-27 14:13:47.371  INFO 32660 --- [restartedMain] j.LocalContainerEntityManagerFactoryBean : Initialized JPA EntityManagerFactory for persistence unit 'default'
2022-12-27 14:13:47.437  WARN 32660 --- [restartedMain] JpaBaseConfiguration$JpaWebConfiguration : spring.jpa.open-in-view is enabled by default. Therefore, database queries may be performed during view rendering. Explicitly configure spring.jpa.open-in-view to disable this warning
2022-12-27 14:13:47.520  INFO 32660 --- [restartedMain] o.s.s.web.DefaultSecurityFilterChain     : Will secure any request with [org.springframework.security.web.session.DisableEncodeUrlFilter@7d3e3b10, org.springframework.security.web.context.request.async.WebAsyncManagerIntegrationFilter@314b25b8, org.springframework.security.web.context.SecurityContextPersistenceFilter@3357430, org.springframework.security.web.header.HeaderWriterFilter@409e1392, org.springframework.security.web.csrf.CsrfFilter@36996f51, org.springframework.security.web.authentication.logout.LogoutFilter@7ccd299b, org.springframework.security.web.authentication.UsernamePasswordAuthenticationFilter@62fddf6d, org.springframework.security.web.authentication.ui.DefaultLoginPageGeneratingFilter@7e6e029a, org.springframework.security.web.authentication.ui.DefaultLogoutPageGeneratingFilter@3d41924b, org.springframework.security.web.authentication.www.BasicAuthenticationFilter@7d30ba5, org.springframework.security.web.savedrequest.RequestCacheAwareFilter@6ba833a9, org.springframework.security.web.servletapi.SecurityContextHolderAwareRequestFilter@5b9abfcd, org.springframework.security.web.authentication.AnonymousAuthenticationFilter@22d03865, org.springframework.security.web.session.SessionManagementFilter@7e2b7f43, org.springframework.security.web.access.ExceptionTranslationFilter@7623cadd, org.springframework.security.web.access.intercept.FilterSecurityInterceptor@2cbc00b7]
2022-12-27 14:13:47.526  INFO 32660 --- [restartedMain] o.s.b.d.a.OptionalLiveReloadServer       : LiveReload server is running on port 35729
2022-12-27 14:13:47.534  INFO 32660 --- [restartedMain] o.s.b.w.embedded.tomcat.TomcatWebServer  : Tomcat started on port(s): 8080 (http) with context path ''
2022-12-27 14:13:47.537  INFO 32660 --- [restartedMain] c.java.iclear.IclearOutwardApplication   : Started IclearOutwardApplication in 0.494 seconds (JVM running for 518.943)
2022-12-27 14:13:47.538  INFO 32660 --- [restartedMain] .ConditionEvaluationDeltaLoggingListener : Condition evaluation unchanged
2022-12-27 14:13:53.059  INFO 32660 --- [http-nio-8080-exec-2] o.a.c.c.C.[Tomcat].[localhost].[/]       : Initializing Spring DispatcherServlet 'dispatcherServlet'
2022-12-27 14:13:53.059  INFO 32660 --- [http-nio-8080-exec-2] o.s.web.servlet.DispatcherServlet        : Initializing Servlet 'dispatcherServlet'
2022-12-27 14:13:53.061  INFO 32660 --- [http-nio-8080-exec-2] o.s.web.servlet.DispatcherServlet        : Completed initialization in 2 ms
2022-12-27 14:17:26.418  INFO 32660 --- [File Watcher] rtingClassPathChangeChangedEventListener : Restarting due to 1 class path change (0 additions, 0 deletions, 1 modification)
2022-12-27 14:17:26.525  INFO 32660 --- [Thread-37] o.apache.catalina.core.StandardService   : Stopping service [Tomcat]
2022-12-27 14:17:26.535  INFO 32660 --- [Thread-37] o.a.c.c.C.[Tomcat].[localhost].[/]       : Destroying Spring FrameworkServlet 'dispatcherServlet'
2022-12-27 14:17:26.661  INFO 32660 --- [Thread-37] j.LocalContainerEntityManagerFactoryBean : Closing JPA EntityManagerFactory for persistence unit 'default'
2022-12-27 14:17:26.690  INFO 32660 --- [Thread-37] com.zaxxer.hikari.HikariDataSource       : HikariPool-9 - Shutdown initiated...
2022-12-27 14:17:26.735  INFO 32660 --- [Thread-37] com.zaxxer.hikari.HikariDataSource       : HikariPool-9 - Shutdown completed.
2022-12-27 14:17:27.090  INFO 32660 --- [restartedMain] c.java.iclear.IclearOutwardApplication   : Starting IclearOutwardApplication using Java 17.0.4.1 on LAPTOP-9GT9QVO0 with PID 32660 (C:\Users\patha\Documents\workspace-spring-tool-suite-4-4.16.1.RELEASE\iclearOutward\target\classes started by patha in C:\Users\patha\Documents\workspace-spring-tool-suite-4-4.16.1.RELEASE\iclearOutward)
2022-12-27 14:17:27.090  INFO 32660 --- [restartedMain] c.java.iclear.IclearOutwardApplication   : No active profile set, falling back to 1 default profile: "default"
2022-12-27 14:17:27.321  INFO 32660 --- [restartedMain] .s.d.r.c.RepositoryConfigurationDelegate : Bootstrapping Spring Data JPA repositories in DEFAULT mode.
2022-12-27 14:17:27.349  INFO 32660 --- [restartedMain] .s.d.r.c.RepositoryConfigurationDelegate : Finished Spring Data repository scanning in 27 ms. Found 1 JPA repository interfaces.
2022-12-27 14:17:27.467  INFO 32660 --- [restartedMain] o.s.b.w.embedded.tomcat.TomcatWebServer  : Tomcat initialized with port(s): 8080 (http)
2022-12-27 14:17:27.468  INFO 32660 --- [restartedMain] o.apache.catalina.core.StandardService   : Starting service [Tomcat]
2022-12-27 14:17:27.468  INFO 32660 --- [restartedMain] org.apache.catalina.core.StandardEngine  : Starting Servlet engine: [Apache Tomcat/9.0.68]
2022-12-27 14:17:27.490  INFO 32660 --- [restartedMain] o.a.c.c.C.[Tomcat].[localhost].[/]       : Initializing Spring embedded WebApplicationContext
2022-12-27 14:17:27.490  INFO 32660 --- [restartedMain] w.s.c.ServletWebServerApplicationContext : Root WebApplicationContext: initialization completed in 396 ms
2022-12-27 14:17:27.506  INFO 32660 --- [restartedMain] com.zaxxer.hikari.HikariDataSource       : HikariPool-10 - Starting...
2022-12-27 14:17:27.507  WARN 32660 --- [restartedMain] com.zaxxer.hikari.util.DriverDataSource  : Registered driver with driverClassName=com.mysql.jdbc.Driver was not found, trying direct instantiation.
2022-12-27 14:17:27.592  INFO 32660 --- [restartedMain] com.zaxxer.hikari.HikariDataSource       : HikariPool-10 - Start completed.
2022-12-27 14:17:27.592  INFO 32660 --- [restartedMain] o.s.b.a.h2.H2ConsoleAutoConfiguration    : H2 console available at '/h2-console'. Database available at 'jdbc:mysql://localhost:3306/db'
2022-12-27 14:17:27.658  INFO 32660 --- [restartedMain] o.hibernate.jpa.internal.util.LogHelper  : HHH000204: Processing PersistenceUnitInfo [name: default]
2022-12-27 14:17:27.663  INFO 32660 --- [restartedMain] org.hibernate.dialect.Dialect            : HHH000400: Using dialect: org.hibernate.dialect.MySQL5InnoDBDialect
2022-12-27 14:17:27.690  INFO 32660 --- [restartedMain] org.hibernate.tuple.PojoInstantiator     : HHH000182: No default (no-argument) constructor for class: com.java.iclear.entity.ChequeStub (class must be instantiated by Interceptor)
2022-12-27 14:17:27.764  INFO 32660 --- [restartedMain] o.h.e.t.j.p.i.JtaPlatformInitiator       : HHH000490: Using JtaPlatform implementation: [org.hibernate.engine.transaction.jta.platform.internal.NoJtaPlatform]
2022-12-27 14:17:27.764  INFO 32660 --- [restartedMain] j.LocalContainerEntityManagerFactoryBean : Initialized JPA EntityManagerFactory for persistence unit 'default'
2022-12-27 14:17:27.838  WARN 32660 --- [restartedMain] JpaBaseConfiguration$JpaWebConfiguration : spring.jpa.open-in-view is enabled by default. Therefore, database queries may be performed during view rendering. Explicitly configure spring.jpa.open-in-view to disable this warning
2022-12-27 14:17:27.941  INFO 32660 --- [restartedMain] o.s.s.web.DefaultSecurityFilterChain     : Will secure any request with [org.springframework.security.web.session.DisableEncodeUrlFilter@b7e664a, org.springframework.security.web.context.request.async.WebAsyncManagerIntegrationFilter@248503b, org.springframework.security.web.context.SecurityContextPersistenceFilter@4a1539ab, org.springframework.security.web.header.HeaderWriterFilter@445c9e17, org.springframework.security.web.csrf.CsrfFilter@5a8f3c33, org.springframework.security.web.authentication.logout.LogoutFilter@444f381d, org.springframework.security.web.authentication.UsernamePasswordAuthenticationFilter@1703469d, org.springframework.security.web.authentication.ui.DefaultLoginPageGeneratingFilter@63003d4b, org.springframework.security.web.authentication.ui.DefaultLogoutPageGeneratingFilter@f72d941, org.springframework.security.web.authentication.www.BasicAuthenticationFilter@65022d3d, org.springframework.security.web.savedrequest.RequestCacheAwareFilter@6d8a4dba, org.springframework.security.web.servletapi.SecurityContextHolderAwareRequestFilter@4d86ca3a, org.springframework.security.web.authentication.AnonymousAuthenticationFilter@7b6d6657, org.springframework.security.web.session.SessionManagementFilter@69d8fe07, org.springframework.security.web.access.ExceptionTranslationFilter@24106506, org.springframework.security.web.access.intercept.FilterSecurityInterceptor@707f2806]
2022-12-27 14:17:27.947  INFO 32660 --- [restartedMain] o.s.b.d.a.OptionalLiveReloadServer       : LiveReload server is running on port 35729
2022-12-27 14:17:27.961  INFO 32660 --- [restartedMain] o.s.b.w.embedded.tomcat.TomcatWebServer  : Tomcat started on port(s): 8080 (http) with context path ''
2022-12-27 14:17:27.964  INFO 32660 --- [restartedMain] c.java.iclear.IclearOutwardApplication   : Started IclearOutwardApplication in 0.934 seconds (JVM running for 739.371)
2022-12-27 14:17:27.965  INFO 32660 --- [restartedMain] .ConditionEvaluationDeltaLoggingListener : Condition evaluation unchanged
2022-12-27 14:17:35.059  INFO 32660 --- [http-nio-8080-exec-2] o.a.c.c.C.[Tomcat].[localhost].[/]       : Initializing Spring DispatcherServlet 'dispatcherServlet'
2022-12-27 14:17:35.059  INFO 32660 --- [http-nio-8080-exec-2] o.s.web.servlet.DispatcherServlet        : Initializing Servlet 'dispatcherServlet'
2022-12-27 14:17:35.060  INFO 32660 --- [http-nio-8080-exec-2] o.s.web.servlet.DispatcherServlet        : Completed initialization in 1 ms
2022-12-27 14:17:57.055  INFO 32660 --- [File Watcher] rtingClassPathChangeChangedEventListener : Restarting due to 1 class path change (0 additions, 0 deletions, 1 modification)
2022-12-27 14:17:57.068  INFO 32660 --- [Thread-41] o.apache.catalina.core.StandardService   : Stopping service [Tomcat]
2022-12-27 14:17:57.070  INFO 32660 --- [Thread-41] o.a.c.c.C.[Tomcat].[localhost].[/]       : Destroying Spring FrameworkServlet 'dispatcherServlet'
2022-12-27 14:17:57.090  INFO 32660 --- [Thread-41] j.LocalContainerEntityManagerFactoryBean : Closing JPA EntityManagerFactory for persistence unit 'default'
2022-12-27 14:17:57.092  INFO 32660 --- [Thread-41] com.zaxxer.hikari.HikariDataSource       : HikariPool-10 - Shutdown initiated...
2022-12-27 14:17:57.102  INFO 32660 --- [Thread-41] com.zaxxer.hikari.HikariDataSource       : HikariPool-10 - Shutdown completed.
2022-12-27 14:17:57.247  INFO 32660 --- [restartedMain] c.java.iclear.IclearOutwardApplication   : Starting IclearOutwardApplication using Java 17.0.4.1 on LAPTOP-9GT9QVO0 with PID 32660 (C:\Users\patha\Documents\workspace-spring-tool-suite-4-4.16.1.RELEASE\iclearOutward\target\classes started by patha in C:\Users\patha\Documents\workspace-spring-tool-suite-4-4.16.1.RELEASE\iclearOutward)
2022-12-27 14:17:57.247  INFO 32660 --- [restartedMain] c.java.iclear.IclearOutwardApplication   : No active profile set, falling back to 1 default profile: "default"
2022-12-27 14:17:57.389  INFO 32660 --- [restartedMain] .s.d.r.c.RepositoryConfigurationDelegate : Bootstrapping Spring Data JPA repositories in DEFAULT mode.
2022-12-27 14:17:57.400  INFO 32660 --- [restartedMain] .s.d.r.c.RepositoryConfigurationDelegate : Finished Spring Data repository scanning in 11 ms. Found 1 JPA repository interfaces.
2022-12-27 14:17:57.500  INFO 32660 --- [restartedMain] o.s.b.w.embedded.tomcat.TomcatWebServer  : Tomcat initialized with port(s): 8080 (http)
2022-12-27 14:17:57.500  INFO 32660 --- [restartedMain] o.apache.catalina.core.StandardService   : Starting service [Tomcat]
2022-12-27 14:17:57.500  INFO 32660 --- [restartedMain] org.apache.catalina.core.StandardEngine  : Starting Servlet engine: [Apache Tomcat/9.0.68]
2022-12-27 14:17:57.524  INFO 32660 --- [restartedMain] o.a.c.c.C.[Tomcat].[localhost].[/]       : Initializing Spring embedded WebApplicationContext
2022-12-27 14:17:57.525  INFO 32660 --- [restartedMain] w.s.c.ServletWebServerApplicationContext : Root WebApplicationContext: initialization completed in 277 ms
2022-12-27 14:17:57.540  INFO 32660 --- [restartedMain] com.zaxxer.hikari.HikariDataSource       : HikariPool-11 - Starting...
2022-12-27 14:17:57.541  WARN 32660 --- [restartedMain] com.zaxxer.hikari.util.DriverDataSource  : Registered driver with driverClassName=com.mysql.jdbc.Driver was not found, trying direct instantiation.
2022-12-27 14:17:57.555  INFO 32660 --- [restartedMain] com.zaxxer.hikari.HikariDataSource       : HikariPool-11 - Start completed.
2022-12-27 14:17:57.555  INFO 32660 --- [restartedMain] o.s.b.a.h2.H2ConsoleAutoConfiguration    : H2 console available at '/h2-console'. Database available at 'jdbc:mysql://localhost:3306/db'
2022-12-27 14:17:57.592  INFO 32660 --- [restartedMain] o.hibernate.jpa.internal.util.LogHelper  : HHH000204: Processing PersistenceUnitInfo [name: default]
2022-12-27 14:17:57.597  INFO 32660 --- [restartedMain] org.hibernate.dialect.Dialect            : HHH000400: Using dialect: org.hibernate.dialect.MySQL5InnoDBDialect
2022-12-27 14:17:57.624  INFO 32660 --- [restartedMain] org.hibernate.tuple.PojoInstantiator     : HHH000182: No default (no-argument) constructor for class: com.java.iclear.entity.ChequeStub (class must be instantiated by Interceptor)
2022-12-27 14:17:57.643  INFO 32660 --- [restartedMain] o.h.e.t.j.p.i.JtaPlatformInitiator       : HHH000490: Using JtaPlatform implementation: [org.hibernate.engine.transaction.jta.platform.internal.NoJtaPlatform]
2022-12-27 14:17:57.643  INFO 32660 --- [restartedMain] j.LocalContainerEntityManagerFactoryBean : Initialized JPA EntityManagerFactory for persistence unit 'default'
2022-12-27 14:17:57.718  WARN 32660 --- [restartedMain] JpaBaseConfiguration$JpaWebConfiguration : spring.jpa.open-in-view is enabled by default. Therefore, database queries may be performed during view rendering. Explicitly configure spring.jpa.open-in-view to disable this warning
2022-12-27 14:17:57.822  INFO 32660 --- [restartedMain] o.s.s.web.DefaultSecurityFilterChain     : Will secure any request with [org.springframework.security.web.session.DisableEncodeUrlFilter@1ba3305c, org.springframework.security.web.context.request.async.WebAsyncManagerIntegrationFilter@2aee9197, org.springframework.security.web.context.SecurityContextPersistenceFilter@58a7ba37, org.springframework.security.web.header.HeaderWriterFilter@22f05a05, org.springframework.security.web.csrf.CsrfFilter@1a7f3e09, org.springframework.security.web.authentication.logout.LogoutFilter@22bbfbb8, org.springframework.security.web.authentication.UsernamePasswordAuthenticationFilter@3f5457e0, org.springframework.security.web.authentication.ui.DefaultLoginPageGeneratingFilter@ffb2df5, org.springframework.security.web.authentication.ui.DefaultLogoutPageGeneratingFilter@3718387d, org.springframework.security.web.authentication.www.BasicAuthenticationFilter@d08d198, org.springframework.security.web.savedrequest.RequestCacheAwareFilter@4e70cd6f, org.springframework.security.web.servletapi.SecurityContextHolderAwareRequestFilter@6e7086d6, org.springframework.security.web.authentication.AnonymousAuthenticationFilter@7c57bb17, org.springframework.security.web.session.SessionManagementFilter@3bcb5431, org.springframework.security.web.access.ExceptionTranslationFilter@43eab571, org.springframework.security.web.access.intercept.FilterSecurityInterceptor@4b4f4671]
2022-12-27 14:17:57.828  INFO 32660 --- [restartedMain] o.s.b.d.a.OptionalLiveReloadServer       : LiveReload server is running on port 35729
2022-12-27 14:17:57.839  INFO 32660 --- [restartedMain] o.s.b.w.embedded.tomcat.TomcatWebServer  : Tomcat started on port(s): 8080 (http) with context path ''
2022-12-27 14:17:57.841  INFO 32660 --- [restartedMain] c.java.iclear.IclearOutwardApplication   : Started IclearOutwardApplication in 0.617 seconds (JVM running for 769.248)
2022-12-27 14:17:57.843  INFO 32660 --- [restartedMain] .ConditionEvaluationDeltaLoggingListener : Condition evaluation unchanged
2022-12-27 14:18:07.756  INFO 32660 --- [http-nio-8080-exec-3] o.a.c.c.C.[Tomcat].[localhost].[/]       : Initializing Spring DispatcherServlet 'dispatcherServlet'
2022-12-27 14:18:07.756  INFO 32660 --- [http-nio-8080-exec-3] o.s.web.servlet.DispatcherServlet        : Initializing Servlet 'dispatcherServlet'
2022-12-27 14:18:07.757  INFO 32660 --- [http-nio-8080-exec-3] o.s.web.servlet.DispatcherServlet        : Completed initialization in 0 ms
2022-12-27 14:20:45.368  INFO 32660 --- [File Watcher] rtingClassPathChangeChangedEventListener : Restarting due to 1 class path change (0 additions, 0 deletions, 1 modification)
2022-12-27 14:20:45.510  INFO 32660 --- [Thread-45] o.apache.catalina.core.StandardService   : Stopping service [Tomcat]
2022-12-27 14:20:45.524  INFO 32660 --- [Thread-45] o.a.c.c.C.[Tomcat].[localhost].[/]       : Destroying Spring FrameworkServlet 'dispatcherServlet'
2022-12-27 14:20:45.660  INFO 32660 --- [Thread-45] j.LocalContainerEntityManagerFactoryBean : Closing JPA EntityManagerFactory for persistence unit 'default'
2022-12-27 14:20:45.692  INFO 32660 --- [Thread-45] com.zaxxer.hikari.HikariDataSource       : HikariPool-11 - Shutdown initiated...
2022-12-27 14:20:45.750  INFO 32660 --- [Thread-45] com.zaxxer.hikari.HikariDataSource       : HikariPool-11 - Shutdown completed.
